<?xml version="1.0" encoding="UTF-8"?>
<testng-results ignored="0" total="8" passed="8" failed="0" skipped="0">
  <reporter-output>
  </reporter-output>
  <suite started-at="2021-08-24T12:55:19 IST" name="Default suite" finished-at="2021-08-24T12:55:31 IST" duration-ms="12516">
    <groups>
      <group name="SmokeTest">
        <method signature="SimpleFormTest.TC_ID_100_verifySeleniumEasHomePageIsDisplayed()[pri:1, instance:com.Scripts.SimpleFormTest@647e447]" name="TC_ID_100_verifySeleniumEasHomePageIsDisplayed" class="com.Scripts.SimpleFormTest"/>
      </group> <!-- SmokeTest -->
      <group name="RegressionTest">
        <method signature="SimpleFormTest.TC_ID_101_verifySingleInputFieldMessage()[pri:2, instance:com.Scripts.SimpleFormTest@647e447]" name="TC_ID_101_verifySingleInputFieldMessage" class="com.Scripts.SimpleFormTest"/>
      </group> <!-- RegressionTest -->
    </groups>
    <test started-at="2021-08-24T12:55:19 IST" name="Default test" finished-at="2021-08-24T12:55:31 IST" duration-ms="12516">
      <class name="com.Scripts.SimpleFormTest">
        <test-method is-config="true" signature="initializeWebEnvironmentAndSetup()[pri:0, instance:com.Scripts.SimpleFormTest@647e447]" started-at="2021-08-24T12:55:19 IST" name="initializeWebEnvironmentAndSetup" finished-at="2021-08-24T12:55:27 IST" duration-ms="8306" status="PASS">
          <reporter-output>
          </reporter-output>
        </test-method> <!-- initializeWebEnvironmentAndSetup -->
        <test-method signature="TC_ID_100_verifySeleniumEasHomePageIsDisplayed()[pri:1, instance:com.Scripts.SimpleFormTest@647e447]" started-at="2021-08-24T12:55:27 IST" name="TC_ID_100_verifySeleniumEasHomePageIsDisplayed" finished-at="2021-08-24T12:55:28 IST" duration-ms="1080" status="PASS">
          <reporter-output>
          </reporter-output>
        </test-method> <!-- TC_ID_100_verifySeleniumEasHomePageIsDisplayed -->
        <test-method signature="TC_ID_101_verifySingleInputFieldMessage()[pri:2, instance:com.Scripts.SimpleFormTest@647e447]" started-at="2021-08-24T12:55:28 IST" name="TC_ID_101_verifySingleInputFieldMessage" finished-at="2021-08-24T12:55:29 IST" duration-ms="630" status="PASS">
          <reporter-output>
          </reporter-output>
        </test-method> <!-- TC_ID_101_verifySingleInputFieldMessage -->
        <test-method signature="TC_ID_102_VerifyBootstrapAlertPageIsDisplayed()[pri:3, instance:com.Scripts.SimpleFormTest@647e447]" started-at="2021-08-24T12:55:29 IST" name="TC_ID_102_VerifyBootstrapAlertPageIsDisplayed" finished-at="2021-08-24T12:55:30 IST" duration-ms="813" status="PASS">
          <reporter-output>
          </reporter-output>
        </test-method> <!-- TC_ID_102_VerifyBootstrapAlertPageIsDisplayed -->
        <test-method signature="TC_ID_104_verifyAutocloseableSuccessMessage()[pri:4, instance:com.Scripts.SimpleFormTest@647e447]" started-at="2021-08-24T12:55:30 IST" name="TC_ID_104_verifyAutocloseableSuccessMessage" finished-at="2021-08-24T12:55:30 IST" duration-ms="259" status="PASS">
          <reporter-output>
          </reporter-output>
        </test-method> <!-- TC_ID_104_verifyAutocloseableSuccessMessage -->
        <test-method signature="TC_ID_105_verifyNormalSuccessMessageIsDisplayed()[pri:5, instance:com.Scripts.SimpleFormTest@647e447]" started-at="2021-08-24T12:55:30 IST" name="TC_ID_105_verifyNormalSuccessMessageIsDisplayed" finished-at="2021-08-24T12:55:30 IST" duration-ms="180" status="PASS">
          <reporter-output>
          </reporter-output>
        </test-method> <!-- TC_ID_105_verifyNormalSuccessMessageIsDisplayed -->
        <test-method signature="TC_ID_106_verifyAutocloseableWarningMessageIsDisplayed()[pri:6, instance:com.Scripts.SimpleFormTest@647e447]" started-at="2021-08-24T12:55:30 IST" name="TC_ID_106_verifyAutocloseableWarningMessageIsDisplayed" finished-at="2021-08-24T12:55:30 IST" duration-ms="107" status="PASS">
          <reporter-output>
          </reporter-output>
        </test-method> <!-- TC_ID_106_verifyAutocloseableWarningMessageIsDisplayed -->
        <test-method signature="TC_ID_106_verifyCheckDemoPageIsDisplayed()[pri:7, instance:com.Scripts.SimpleFormTest@647e447]" started-at="2021-08-24T12:55:30 IST" name="TC_ID_106_verifyCheckDemoPageIsDisplayed" finished-at="2021-08-24T12:55:31 IST" duration-ms="670" status="PASS">
          <reporter-output>
          </reporter-output>
        </test-method> <!-- TC_ID_106_verifyCheckDemoPageIsDisplayed -->
        <test-method signature="TC_ID_108_verifySingleCheckBoxDemoIsSelected()[pri:8, instance:com.Scripts.SimpleFormTest@647e447]" started-at="2021-08-24T12:55:31 IST" name="TC_ID_108_verifySingleCheckBoxDemoIsSelected" finished-at="2021-08-24T12:55:31 IST" duration-ms="215" status="PASS">
          <reporter-output>
          </reporter-output>
        </test-method> <!-- TC_ID_108_verifySingleCheckBoxDemoIsSelected -->
        <test-method is-config="true" signature="tearDownWebEnvironment()[pri:0, instance:com.Scripts.SimpleFormTest@647e447]" started-at="2021-08-24T12:55:31 IST" name="tearDownWebEnvironment" finished-at="2021-08-24T12:55:31 IST" duration-ms="175" status="PASS">
          <reporter-output>
          </reporter-output>
        </test-method> <!-- tearDownWebEnvironment -->
      </class> <!-- com.Scripts.SimpleFormTest -->
    </test> <!-- Default test -->
  </suite> <!-- Default suite -->
</testng-results>
