<?xml version="1.0" encoding="UTF-8"?>
<!-- Generated by org.testng.reporters.JUnitXMLReporter -->
<testsuite ignored="0" hostname="DESKTOP-AUQI9P7" failures="0" tests="8" name="Default test" time="12.516" errors="0" timestamp="2021-08-24T12:55:31 IST">
  <testcase classname="com.Scripts.SimpleFormTest" name="TC_ID_100_verifySeleniumEasHomePageIsDisplayed" time="1.08"/>
  <testcase classname="com.Scripts.SimpleFormTest" name="TC_ID_101_verifySingleInputFieldMessage" time="0.63"/>
  <testcase classname="com.Scripts.SimpleFormTest" name="TC_ID_102_VerifyBootstrapAlertPageIsDisplayed" time="0.813"/>
  <testcase classname="com.Scripts.SimpleFormTest" name="TC_ID_104_verifyAutocloseableSuccessMessage" time="0.259"/>
  <testcase classname="com.Scripts.SimpleFormTest" name="TC_ID_105_verifyNormalSuccessMessageIsDisplayed" time="0.18"/>
  <testcase classname="com.Scripts.SimpleFormTest" name="TC_ID_106_verifyAutocloseableWarningMessageIsDisplayed" time="0.107"/>
  <testcase classname="com.Scripts.SimpleFormTest" name="TC_ID_106_verifyCheckDemoPageIsDisplayed" time="0.67"/>
  <testcase classname="com.Scripts.SimpleFormTest" name="TC_ID_108_verifySingleCheckBoxDemoIsSelected" time="0.215"/>
</testsuite> <!-- Default test -->
